# JRE version: OpenJDK Runtime Environment (8.0_212-b04) (build 1.8.0_212-release-1586-b04)
# Java VM: OpenJDK 64-Bit Server VM (25.212-b04 mixed mode windows-amd64 compressed oops)
Heap:
 PSYoungGen      total 375296K, used 264506K [0x00000000e0000000, 0x0000000100000000, 0x0000000100000000)
  eden space 250880K, 65% used [0x00000000e0000000,0x00000000ea170b70,0x00000000ef500000)
  from space 124416K, 79% used [0x00000000f7f80000,0x00000000fe05dd20,0x00000000ff900000)
  to   space 136704K, 0% used [0x00000000ef500000,0x00000000ef500000,0x00000000f7a80000)
 ParOldGen       total 423936K, used 241128K [0x00000000a0000000, 0x00000000b9e00000, 0x00000000e0000000)
  object space 423936K, 56% used [0x00000000a0000000,0x00000000aeb7a360,0x00000000b9e00000)
 Metaspace       used 112045K, capacity 119832K, committed 120192K, reserved 1155072K
  class space    used 13973K, capacity 15341K, committed 15488K, reserved 1048576K
GC Heap History (10 events):
Event: 15013.527 GC heap before
{Heap before GC invocations=90 (full 8):
 PSYoungGen      total 363520K, used 225113K [0x00000000e0000000, 0x0000000100000000, 0x0000000100000000)
  eden space 225280K, 99% used [0x00000000e0000000,0x00000000edbd66c8,0x00000000edc00000)
  from space 138240K, 0% used [0x00000000edc00000,0x00000000edc00000,0x00000000f6300000)
  to   space 139264K, 0% used [0x00000000f7800000,0x00000000f7800000,0x0000000100000000)
 ParOldGen       total 423936K, used 192847K [0x00000000a0000000, 0x00000000b9e00000, 0x00000000e0000000)
  object space 423936K, 45% used [0x00000000a0000000,0x00000000abc53ef0,0x00000000b9e00000)
 Metaspace       used 111975K, capacity 119700K, committed 120192K, reserved 1155072K
  class space    used 13971K, capacity 15341K, committed 15488K, reserved 1048576K
Event: 15013.568 GC heap after
Heap after GC invocations=90 (full 8):
 PSYoungGen      total 373760K, used 45274K [0x00000000e0000000, 0x00000000ff400000, 0x0000000100000000)
  eden space 246784K, 0% used [0x00000000e0000000,0x00000000e0000000,0x00000000ef100000)
  from space 126976K, 35% used [0x00000000f7800000,0x00000000fa436bc0,0x00000000ff400000)
  to   space 132608K, 0% used [0x00000000ef100000,0x00000000ef100000,0x00000000f7280000)
 ParOldGen       total 423936K, used 192847K [0x00000000a0000000, 0x00000000b9e00000, 0x00000000e0000000)
  object space 423936K, 45% used [0x00000000a0000000,0x00000000abc53ef0,0x00000000b9e00000)
 Metaspace       used 111975K, capacity 119700K, committed 120192K, reserved 1155072K
  class space    used 13971K, capacity 15341K, committed 15488K, reserved 1048576K
}
Event: 15014.140 GC heap before
{Heap before GC invocations=91 (full 8):
 PSYoungGen      total 373760K, used 292058K [0x00000000e0000000, 0x00000000ff400000, 0x0000000100000000)
  eden space 246784K, 100% used [0x00000000e0000000,0x00000000ef100000,0x00000000ef100000)
  from space 126976K, 35% used [0x00000000f7800000,0x00000000fa436bc0,0x00000000ff400000)
  to   space 132608K, 0% used [0x00000000ef100000,0x00000000ef100000,0x00000000f7280000)
 ParOldGen       total 423936K, used 192847K [0x00000000a0000000, 0x00000000b9e00000, 0x00000000e0000000)
  object space 423936K, 45% used [0x00000000a0000000,0x00000000abc53ef0,0x00000000b9e00000)
 Metaspace       used 111982K, capacity 119704K, committed 120192K, reserved 1155072K
  class space    used 13971K, capacity 15341K, committed 15488K, reserved 1048576K
Event: 15014.172 GC heap after
Heap after GC invocations=91 (full 8):
 PSYoungGen      total 379392K, used 761K [0x00000000e0000000, 0x0000000100000000, 0x0000000100000000)
  eden space 246784K, 0% used [0x00000000e0000000,0x00000000e0000000,0x00000000ef100000)
  from space 132608K, 0% used [0x00000000ef100000,0x00000000ef1be6d8,0x00000000f7280000)
  to   space 133632K, 0% used [0x00000000f7d80000,0x00000000f7d80000,0x0000000100000000)
 ParOldGen       total 423936K, used 228811K [0x00000000a0000000, 0x00000000b9e00000, 0x00000000e0000000)
  object space 423936K, 53% used [0x00000000a0000000,0x00000000adf72de0,0x00000000b9e00000)
 Metaspace       used 111982K, capacity 119704K, committed 120192K, reserved 1155072K
  class space    used 13971K, capacity 15341K, committed 15488K, reserved 1048576K
}
Event: 24748.370 GC heap before
{Heap before GC invocations=92 (full 8):
 PSYoungGen      total 379392K, used 247545K [0x00000000e0000000, 0x0000000100000000, 0x0000000100000000)
  eden space 246784K, 100% used [0x00000000e0000000,0x00000000ef100000,0x00000000ef100000)
  from space 132608K, 0% used [0x00000000ef100000,0x00000000ef1be6d8,0x00000000f7280000)
  to   space 133632K, 0% used [0x00000000f7d80000,0x00000000f7d80000,0x0000000100000000)
 ParOldGen       total 423936K, used 228811K [0x00000000a0000000, 0x00000000b9e00000, 0x00000000e0000000)
  object space 423936K, 53% used [0x00000000a0000000,0x00000000adf72de0,0x00000000b9e00000)
 Metaspace       used 112008K, capacity 119704K, committed 120192K, reserved 1155072K
  class space    used 13973K, capacity 15341K, committed 15488K, reserved 1048576K
Event: 24748.700 GC heap after
Heap after GC invocations=92 (full 8):
 PSYoungGen      total 384512K, used 24569K [0x00000000e0000000, 0x00000000ff900000, 0x0000000100000000)
  eden space 258048K, 0% used [0x00000000e0000000,0x00000000e0000000,0x00000000efc00000)
  from space 126464K, 19% used [0x00000000f7d80000,0x00000000f957e608,0x00000000ff900000)
  to   space 129536K, 0% used [0x00000000efc00000,0x00000000efc00000,0x00000000f7a80000)
 ParOldGen       total 423936K, used 229211K [0x00000000a0000000, 0x00000000b9e00000, 0x00000000e0000000)
  object space 423936K, 54% used [0x00000000a0000000,0x00000000adfd6e20,0x00000000b9e00000)
 Metaspace       used 112008K, capacity 119704K, committed 120192K, reserved 1155072K
  class space    used 13973K, capacity 15341K, committed 15488K, reserved 1048576K
}
Event: 24777.130 GC heap before
{Heap before GC invocations=93 (full 8):
 PSYoungGen      total 384512K, used 282617K [0x00000000e0000000, 0x00000000ff900000, 0x0000000100000000)
  eden space 258048K, 100% used [0x00000000e0000000,0x00000000efc00000,0x00000000efc00000)
  from space 126464K, 19% used [0x00000000f7d80000,0x00000000f957e608,0x00000000ff900000)
  to   space 129536K, 0% used [0x00000000efc00000,0x00000000efc00000,0x00000000f7a80000)
 ParOldGen       total 423936K, used 229211K [0x00000000a0000000, 0x00000000b9e00000, 0x00000000e0000000)
  object space 423936K, 54% used [0x00000000a0000000,0x00000000adfd6e20,0x00000000b9e00000)
 Metaspace       used 112032K, capacity 119832K, committed 120192K, reserved 1155072K
  class space    used 13973K, capacity 15341K, committed 15488K, reserved 1048576K
Event: 24777.420 GC heap after
Heap after GC invocations=93 (full 8):
 PSYoungGen      total 387584K, used 26425K [0x00000000e0000000, 0x00000000ff900000, 0x0000000100000000)
  eden space 258048K, 0% used [0x00000000e0000000,0x00000000e0000000,0x00000000efc00000)
  from space 129536K, 20% used [0x00000000efc00000,0x00000000f15ce428,0x00000000f7a80000)
  to   space 124416K, 0% used [0x00000000f7f80000,0x00000000f7f80000,0x00000000ff900000)
 ParOldGen       total 423936K, used 238477K [0x00000000a0000000, 0x00000000b9e00000, 0x00000000e0000000)
  object space 423936K, 56% used [0x00000000a0000000,0x00000000ae8e3510,0x00000000b9e00000)
 Metaspace       used 112032K, capacity 119832K, committed 120192K, reserved 1155072K
  class space    used 13973K, capacity 15341K, committed 15488K, reserved 1048576K
}
Event: 24785.944 GC heap before
{Heap before GC invocations=94 (full 8):
 PSYoungGen      total 387584K, used 284473K [0x00000000e0000000, 0x00000000ff900000, 0x0000000100000000)
  eden space 258048K, 100% used [0x00000000e0000000,0x00000000efc00000,0x00000000efc00000)
  from space 129536K, 20% used [0x00000000efc00000,0x00000000f15ce428,0x00000000f7a80000)
  to   space 124416K, 0% used [0x00000000f7f80000,0x00000000f7f80000,0x00000000ff900000)
 ParOldGen       total 423936K, used 238477K [0x00000000a0000000, 0x00000000b9e00000, 0x00000000e0000000)
  object space 423936K, 56% used [0x00000000a0000000,0x00000000ae8e3510,0x00000000b9e00000)
 Metaspace       used 112045K, capacity 119832K, committed 120192K, reserved 1155072K
  class space    used 13973K, capacity 15341K, committed 15488K, reserved 1048576K
Event: 24786.662 GC heap after
Heap after GC invocations=94 (full 8):
 PSYoungGen      total 375296K, used 99191K [0x00000000e0000000, 0x0000000100000000, 0x0000000100000000)
  eden space 250880K, 0% used [0x00000000e0000000,0x00000000e0000000,0x00000000ef500000)
  from space 124416K, 79% used [0x00000000f7f80000,0x00000000fe05dd20,0x00000000ff900000)
  to   space 136704K, 0% used [0x00000000ef500000,0x00000000ef500000,0x00000000f7a80000)
 ParOldGen       total 423936K, used 241128K [0x00000000a0000000, 0x00000000b9e00000, 0x00000000e0000000)
  object space 423936K, 56% used [0x00000000a0000000,0x00000000aeb7a360,0x00000000b9e00000)
 Metaspace       used 112045K, capacity 119832K, committed 120192K, reserved 1155072K
  class space    used 13973K, capacity 15341K, committed 15488K, reserved 1048576K
}

