# JRE version: OpenJDK Runtime Environment (8.0_212-b04) (build 1.8.0_212-release-1586-b04)
# Java VM: OpenJDK 64-Bit Server VM (25.212-b04 mixed mode windows-amd64 compressed oops)
Heap:
 PSYoungGen      total 345600K, used 44517K [0x00000000e0000000, 0x00000000fc080000, 0x0000000100000000)
  eden space 278528K, 8% used [0x00000000e0000000,0x00000000e16bbcc0,0x00000000f1000000)
  from space 67072K, 31% used [0x00000000f1000000,0x00000000f24bd9d0,0x00000000f5180000)
  to   space 63488K, 0% used [0x00000000f8280000,0x00000000f8280000,0x00000000fc080000)
 ParOldGen       total 326144K, used 181834K [0x00000000a0000000, 0x00000000b3e80000, 0x00000000e0000000)
  object space 326144K, 55% used [0x00000000a0000000,0x00000000ab192ba8,0x00000000b3e80000)
 Metaspace       used 75508K, capacity 78844K, committed 78976K, reserved 1118208K
  class space    used 10194K, capacity 10854K, committed 10880K, reserved 1048576K
GC Heap History (10 events):
Event: 41.100 GC heap before
{Heap before GC invocations=19 (full 3):
 PSYoungGen      total 219648K, used 204277K [0x00000000e0000000, 0x00000000f1600000, 0x0000000100000000)
  eden space 195584K, 99% used [0x00000000e0000000,0x00000000ebec16e8,0x00000000ebf00000)
  from space 24064K, 37% used [0x00000000ebf00000,0x00000000ec7bbe90,0x00000000ed680000)
  to   space 23040K, 0% used [0x00000000eff80000,0x00000000eff80000,0x00000000f1600000)
 ParOldGen       total 141824K, used 58922K [0x00000000a0000000, 0x00000000a8a80000, 0x00000000e0000000)
  object space 141824K, 41% used [0x00000000a0000000,0x00000000a398a880,0x00000000a8a80000)
 Metaspace       used 70777K, capacity 73874K, committed 73984K, reserved 1114112K
  class space    used 9585K, capacity 10215K, committed 10240K, reserved 1048576K
Event: 41.130 GC heap after
Heap after GC invocations=19 (full 3):
 PSYoungGen      total 254464K, used 23024K [0x00000000e0000000, 0x00000000f2000000, 0x0000000100000000)
  eden space 231424K, 0% used [0x00000000e0000000,0x00000000e0000000,0x00000000ee200000)
  from space 23040K, 99% used [0x00000000eff80000,0x00000000f15fc028,0x00000000f1600000)
  to   space 30208K, 0% used [0x00000000ee200000,0x00000000ee200000,0x00000000eff80000)
 ParOldGen       total 141824K, used 68563K [0x00000000a0000000, 0x00000000a8a80000, 0x00000000e0000000)
  object space 141824K, 48% used [0x00000000a0000000,0x00000000a42f4e48,0x00000000a8a80000)
 Metaspace       used 70777K, capacity 73874K, committed 73984K, reserved 1114112K
  class space    used 9585K, capacity 10215K, committed 10240K, reserved 1048576K
}
Event: 43.574 GC heap before
{Heap before GC invocations=20 (full 3):
 PSYoungGen      total 254464K, used 254448K [0x00000000e0000000, 0x00000000f2000000, 0x0000000100000000)
  eden space 231424K, 100% used [0x00000000e0000000,0x00000000ee200000,0x00000000ee200000)
  from space 23040K, 99% used [0x00000000eff80000,0x00000000f15fc028,0x00000000f1600000)
  to   space 30208K, 0% used [0x00000000ee200000,0x00000000ee200000,0x00000000eff80000)
 ParOldGen       total 141824K, used 68563K [0x00000000a0000000, 0x00000000a8a80000, 0x00000000e0000000)
  object space 141824K, 48% used [0x00000000a0000000,0x00000000a42f4e48,0x00000000a8a80000)
 Metaspace       used 71365K, capacity 74594K, committed 74880K, reserved 1114112K
  class space    used 9650K, capacity 10283K, committed 10368K, reserved 1048576K
Event: 43.847 GC heap after
Heap after GC invocations=20 (full 3):
 PSYoungGen      total 261632K, used 30202K [0x00000000e0000000, 0x00000000f9a80000, 0x0000000100000000)
  eden space 231424K, 0% used [0x00000000e0000000,0x00000000e0000000,0x00000000ee200000)
  from space 30208K, 99% used [0x00000000ee200000,0x00000000eff7ea98,0x00000000eff80000)
  to   space 67072K, 0% used [0x00000000f5900000,0x00000000f5900000,0x00000000f9a80000)
 ParOldGen       total 156160K, used 155724K [0x00000000a0000000, 0x00000000a9880000, 0x00000000e0000000)
  object space 156160K, 99% used [0x00000000a0000000,0x00000000a9813268,0x00000000a9880000)
 Metaspace       used 71365K, capacity 74594K, committed 74880K, reserved 1114112K
  class space    used 9650K, capacity 10283K, committed 10368K, reserved 1048576K
}
Event: 43.848 GC heap before
{Heap before GC invocations=21 (full 4):
 PSYoungGen      total 261632K, used 30202K [0x00000000e0000000, 0x00000000f9a80000, 0x0000000100000000)
  eden space 231424K, 0% used [0x00000000e0000000,0x00000000e0000000,0x00000000ee200000)
  from space 30208K, 99% used [0x00000000ee200000,0x00000000eff7ea98,0x00000000eff80000)
  to   space 67072K, 0% used [0x00000000f5900000,0x00000000f5900000,0x00000000f9a80000)
 ParOldGen       total 156160K, used 155724K [0x00000000a0000000, 0x00000000a9880000, 0x00000000e0000000)
  object space 156160K, 99% used [0x00000000a0000000,0x00000000a9813268,0x00000000a9880000)
 Metaspace       used 71365K, capacity 74594K, committed 74880K, reserved 1114112K
  class space    used 9650K, capacity 10283K, committed 10368K, reserved 1048576K
Event: 45.249 GC heap after
Heap after GC invocations=21 (full 4):
 PSYoungGen      total 261632K, used 8847K [0x00000000e0000000, 0x00000000f9a80000, 0x0000000100000000)
  eden space 231424K, 0% used [0x00000000e0000000,0x00000000e0000000,0x00000000ee200000)
  from space 30208K, 29% used [0x00000000ee200000,0x00000000eeaa3f40,0x00000000eff80000)
  to   space 67072K, 0% used [0x00000000f5900000,0x00000000f5900000,0x00000000f9a80000)
 ParOldGen       total 326144K, used 156091K [0x00000000a0000000, 0x00000000b3e80000, 0x00000000e0000000)
  object space 326144K, 47% used [0x00000000a0000000,0x00000000a986ee50,0x00000000b3e80000)
 Metaspace       used 71267K, capacity 74348K, committed 74880K, reserved 1114112K
  class space    used 9616K, capacity 10222K, committed 10368K, reserved 1048576K
}
Event: 49.252 GC heap before
{Heap before GC invocations=22 (full 4):
 PSYoungGen      total 261632K, used 240271K [0x00000000e0000000, 0x00000000f9a80000, 0x0000000100000000)
  eden space 231424K, 100% used [0x00000000e0000000,0x00000000ee200000,0x00000000ee200000)
  from space 30208K, 29% used [0x00000000ee200000,0x00000000eeaa3f40,0x00000000eff80000)
  to   space 67072K, 0% used [0x00000000f5900000,0x00000000f5900000,0x00000000f9a80000)
 ParOldGen       total 326144K, used 156091K [0x00000000a0000000, 0x00000000b3e80000, 0x00000000e0000000)
  object space 326144K, 47% used [0x00000000a0000000,0x00000000a986ee50,0x00000000b3e80000)
 Metaspace       used 71385K, capacity 74488K, committed 74880K, reserved 1114112K
  class space    used 9631K, capacity 10260K, committed 10368K, reserved 1048576K
Event: 49.380 GC heap after
Heap after GC invocations=22 (full 4):
 PSYoungGen      total 337920K, used 35944K [0x00000000e0000000, 0x00000000f9300000, 0x0000000100000000)
  eden space 278528K, 0% used [0x00000000e0000000,0x00000000e0000000,0x00000000f1000000)
  from space 59392K, 60% used [0x00000000f5900000,0x00000000f7c1a138,0x00000000f9300000)
  to   space 67072K, 0% used [0x00000000f1000000,0x00000000f1000000,0x00000000f5180000)
 ParOldGen       total 326144K, used 164951K [0x00000000a0000000, 0x00000000b3e80000, 0x00000000e0000000)
  object space 326144K, 50% used [0x00000000a0000000,0x00000000aa115ce0,0x00000000b3e80000)
 Metaspace       used 71385K, capacity 74488K, committed 74880K, reserved 1114112K
  class space    used 9631K, capacity 10260K, committed 10368K, reserved 1048576K
}
Event: 51.890 GC heap before
{Heap before GC invocations=23 (full 4):
 PSYoungGen      total 337920K, used 311243K [0x00000000e0000000, 0x00000000f9300000, 0x0000000100000000)
  eden space 278528K, 98% used [0x00000000e0000000,0x00000000f0cd8bd8,0x00000000f1000000)
  from space 59392K, 60% used [0x00000000f5900000,0x00000000f7c1a138,0x00000000f9300000)
  to   space 67072K, 0% used [0x00000000f1000000,0x00000000f1000000,0x00000000f5180000)
 ParOldGen       total 326144K, used 170033K [0x00000000a0000000, 0x00000000b3e80000, 0x00000000e0000000)
  object space 326144K, 52% used [0x00000000a0000000,0x00000000aa60c7b8,0x00000000b3e80000)
 Metaspace       used 74748K, capacity 78052K, committed 78080K, reserved 1116160K
  class space    used 10069K, capacity 10746K, committed 10752K, reserved 1048576K
Event: 51.941 GC heap after
Heap after GC invocations=23 (full 4):
 PSYoungGen      total 345600K, used 21238K [0x00000000e0000000, 0x00000000fc080000, 0x0000000100000000)
  eden space 278528K, 0% used [0x00000000e0000000,0x00000000e0000000,0x00000000f1000000)
  from space 67072K, 31% used [0x00000000f1000000,0x00000000f24bd9d0,0x00000000f5180000)
  to   space 63488K, 0% used [0x00000000f8280000,0x00000000f8280000,0x00000000fc080000)
 ParOldGen       total 326144K, used 181834K [0x00000000a0000000, 0x00000000b3e80000, 0x00000000e0000000)
  object space 326144K, 55% used [0x00000000a0000000,0x00000000ab192ba8,0x00000000b3e80000)
 Metaspace       used 74748K, capacity 78052K, committed 78080K, reserved 1116160K
  class space    used 10069K, capacity 10746K, committed 10752K, reserved 1048576K
}

