# JRE version: OpenJDK Runtime Environment (8.0_212-b04) (build 1.8.0_212-release-1586-b04)
# Java VM: OpenJDK 64-Bit Server VM (25.212-b04 mixed mode windows-amd64 compressed oops)
Heap:
 PSYoungGen      total 332288K, used 286139K [0x00000000e0000000, 0x00000000fa200000, 0x0000000100000000)
  eden space 303104K, 84% used [0x00000000e0000000,0x00000000efaf25e0,0x00000000f2800000)
  from space 29184K, 99% used [0x00000000f3300000,0x00000000f4f7c9a8,0x00000000f4f80000)
  to   space 62464K, 0% used [0x00000000f6500000,0x00000000f6500000,0x00000000fa200000)
 ParOldGen       total 446976K, used 259972K [0x00000000a0000000, 0x00000000bb480000, 0x00000000e0000000)
  object space 446976K, 58% used [0x00000000a0000000,0x00000000afde1320,0x00000000bb480000)
 Metaspace       used 117651K, capacity 126540K, committed 126744K, reserved 1159168K
  class space    used 14712K, capacity 16308K, committed 16424K, reserved 1048576K
GC Heap History (10 events):
Event: 2639.929 GC heap before
{Heap before GC invocations=47 (full 6):
 PSYoungGen      total 438272K, used 378833K [0x00000000e0000000, 0x00000000ff280000, 0x0000000100000000)
  eden space 365568K, 100% used [0x00000000e0000000,0x00000000f6500000,0x00000000f6500000)
  from space 72704K, 18% used [0x00000000fab80000,0x00000000fb8744a8,0x00000000ff280000)
  to   space 72192K, 0% used [0x00000000f6500000,0x00000000f6500000,0x00000000fab80000)
 ParOldGen       total 446976K, used 259940K [0x00000000a0000000, 0x00000000bb480000, 0x00000000e0000000)
  object space 446976K, 58% used [0x00000000a0000000,0x00000000afdd9320,0x00000000bb480000)
 Metaspace       used 116035K, capacity 124706K, committed 124952K, reserved 1159168K
  class space    used 14552K, capacity 16108K, committed 16168K, reserved 1048576K
Event: 2639.945 GC heap after
Heap after GC invocations=47 (full 6):
 PSYoungGen      total 360960K, used 9200K [0x00000000e0000000, 0x00000000fde80000, 0x0000000100000000)
  eden space 351744K, 0% used [0x00000000e0000000,0x00000000e0000000,0x00000000f5780000)
  from space 9216K, 99% used [0x00000000f6500000,0x00000000f6dfc020,0x00000000f6e00000)
  to   space 69120K, 0% used [0x00000000f9b00000,0x00000000f9b00000,0x00000000fde80000)
 ParOldGen       total 446976K, used 259948K [0x00000000a0000000, 0x00000000bb480000, 0x00000000e0000000)
  object space 446976K, 58% used [0x00000000a0000000,0x00000000afddb320,0x00000000bb480000)
 Metaspace       used 116035K, capacity 124706K, committed 124952K, reserved 1159168K
  class space    used 14552K, capacity 16108K, committed 16168K, reserved 1048576K
}
Event: 4594.496 GC heap before
{Heap before GC invocations=48 (full 6):
 PSYoungGen      total 360960K, used 360944K [0x00000000e0000000, 0x00000000fde80000, 0x0000000100000000)
  eden space 351744K, 100% used [0x00000000e0000000,0x00000000f5780000,0x00000000f5780000)
  from space 9216K, 99% used [0x00000000f6500000,0x00000000f6dfc020,0x00000000f6e00000)
  to   space 69120K, 0% used [0x00000000f9b00000,0x00000000f9b00000,0x00000000fde80000)
 ParOldGen       total 446976K, used 259948K [0x00000000a0000000, 0x00000000bb480000, 0x00000000e0000000)
  object space 446976K, 58% used [0x00000000a0000000,0x00000000afddb320,0x00000000bb480000)
 Metaspace       used 117318K, capacity 126156K, committed 126488K, reserved 1159168K
  class space    used 14705K, capacity 16302K, committed 16424K, reserved 1048576K
Event: 4594.534 GC heap after
Heap after GC invocations=48 (full 6):
 PSYoungGen      total 388096K, used 11487K [0x00000000e0000000, 0x00000000fcb80000, 0x0000000100000000)
  eden space 338432K, 0% used [0x00000000e0000000,0x00000000e0000000,0x00000000f4a80000)
  from space 49664K, 23% used [0x00000000f9b00000,0x00000000fa637c98,0x00000000fcb80000)
  to   space 66048K, 0% used [0x00000000f4a80000,0x00000000f4a80000,0x00000000f8b00000)
 ParOldGen       total 446976K, used 259956K [0x00000000a0000000, 0x00000000bb480000, 0x00000000e0000000)
  object space 446976K, 58% used [0x00000000a0000000,0x00000000afddd320,0x00000000bb480000)
 Metaspace       used 117318K, capacity 126156K, committed 126488K, reserved 1159168K
  class space    used 14705K, capacity 16302K, committed 16424K, reserved 1048576K
}
Event: 4597.359 GC heap before
{Heap before GC invocations=49 (full 6):
 PSYoungGen      total 388096K, used 349919K [0x00000000e0000000, 0x00000000fcb80000, 0x0000000100000000)
  eden space 338432K, 100% used [0x00000000e0000000,0x00000000f4a80000,0x00000000f4a80000)
  from space 49664K, 23% used [0x00000000f9b00000,0x00000000fa637c98,0x00000000fcb80000)
  to   space 66048K, 0% used [0x00000000f4a80000,0x00000000f4a80000,0x00000000f8b00000)
 ParOldGen       total 446976K, used 259956K [0x00000000a0000000, 0x00000000bb480000, 0x00000000e0000000)
  object space 446976K, 58% used [0x00000000a0000000,0x00000000afddd320,0x00000000bb480000)
 Metaspace       used 117424K, capacity 126232K, committed 126488K, reserved 1159168K
  class space    used 14708K, capacity 16304K, committed 16424K, reserved 1048576K
Event: 4597.412 GC heap after
Heap after GC invocations=49 (full 6):
 PSYoungGen      total 363520K, used 37052K [0x00000000e0000000, 0x00000000fc280000, 0x0000000100000000)
  eden space 326144K, 0% used [0x00000000e0000000,0x00000000e0000000,0x00000000f3e80000)
  from space 37376K, 99% used [0x00000000f4a80000,0x00000000f6eaf038,0x00000000f6f00000)
  to   space 67584K, 0% used [0x00000000f8080000,0x00000000f8080000,0x00000000fc280000)
 ParOldGen       total 446976K, used 259956K [0x00000000a0000000, 0x00000000bb480000, 0x00000000e0000000)
  object space 446976K, 58% used [0x00000000a0000000,0x00000000afddd320,0x00000000bb480000)
 Metaspace       used 117424K, capacity 126232K, committed 126488K, reserved 1159168K
  class space    used 14708K, capacity 16304K, committed 16424K, reserved 1048576K
}
Event: 9655.021 GC heap before
{Heap before GC invocations=50 (full 6):
 PSYoungGen      total 363520K, used 363196K [0x00000000e0000000, 0x00000000fc280000, 0x0000000100000000)
  eden space 326144K, 100% used [0x00000000e0000000,0x00000000f3e80000,0x00000000f3e80000)
  from space 37376K, 99% used [0x00000000f4a80000,0x00000000f6eaf038,0x00000000f6f00000)
  to   space 67584K, 0% used [0x00000000f8080000,0x00000000f8080000,0x00000000fc280000)
 ParOldGen       total 446976K, used 259956K [0x00000000a0000000, 0x00000000bb480000, 0x00000000e0000000)
  object space 446976K, 58% used [0x00000000a0000000,0x00000000afddd320,0x00000000bb480000)
 Metaspace       used 117514K, capacity 126436K, committed 126744K, reserved 1159168K
  class space    used 14708K, capacity 16304K, committed 16424K, reserved 1048576K
Event: 9655.181 GC heap after
Heap after GC invocations=50 (full 6):
 PSYoungGen      total 361984K, used 17651K [0x00000000e0000000, 0x00000000faf00000, 0x0000000100000000)
  eden space 314368K, 0% used [0x00000000e0000000,0x00000000e0000000,0x00000000f3300000)
  from space 47616K, 37% used [0x00000000f8080000,0x00000000f91bcc88,0x00000000faf00000)
  to   space 63488K, 0% used [0x00000000f3300000,0x00000000f3300000,0x00000000f7100000)
 ParOldGen       total 446976K, used 259964K [0x00000000a0000000, 0x00000000bb480000, 0x00000000e0000000)
  object space 446976K, 58% used [0x00000000a0000000,0x00000000afddf320,0x00000000bb480000)
 Metaspace       used 117514K, capacity 126436K, committed 126744K, reserved 1159168K
  class space    used 14708K, capacity 16304K, committed 16424K, reserved 1048576K
}
Event: 9660.231 GC heap before
{Heap before GC invocations=51 (full 6):
 PSYoungGen      total 361984K, used 332019K [0x00000000e0000000, 0x00000000faf00000, 0x0000000100000000)
  eden space 314368K, 100% used [0x00000000e0000000,0x00000000f3300000,0x00000000f3300000)
  from space 47616K, 37% used [0x00000000f8080000,0x00000000f91bcc88,0x00000000faf00000)
  to   space 63488K, 0% used [0x00000000f3300000,0x00000000f3300000,0x00000000f7100000)
 ParOldGen       total 446976K, used 259964K [0x00000000a0000000, 0x00000000bb480000, 0x00000000e0000000)
  object space 446976K, 58% used [0x00000000a0000000,0x00000000afddf320,0x00000000bb480000)
 Metaspace       used 117570K, capacity 126448K, committed 126744K, reserved 1159168K
  class space    used 14709K, capacity 16306K, committed 16424K, reserved 1048576K
Event: 9660.329 GC heap after
Heap after GC invocations=51 (full 6):
 PSYoungGen      total 332288K, used 29170K [0x00000000e0000000, 0x00000000fa200000, 0x0000000100000000)
  eden space 303104K, 0% used [0x00000000e0000000,0x00000000e0000000,0x00000000f2800000)
  from space 29184K, 99% used [0x00000000f3300000,0x00000000f4f7c9a8,0x00000000f4f80000)
  to   space 62464K, 0% used [0x00000000f6500000,0x00000000f6500000,0x00000000fa200000)
 ParOldGen       total 446976K, used 259972K [0x00000000a0000000, 0x00000000bb480000, 0x00000000e0000000)
  object space 446976K, 58% used [0x00000000a0000000,0x00000000afde1320,0x00000000bb480000)
 Metaspace       used 117570K, capacity 126448K, committed 126744K, reserved 1159168K
  class space    used 14709K, capacity 16306K, committed 16424K, reserved 1048576K
}

